DEBUG,MainThread,access_point,Line: 51,2013-10-07 13:32:46,Creating BroadcomBCM94718NR with: {'hostname': '192.168.30.22', 'sleep': 0.5}
DEBUG,MainThread,status,Line: 65,2013-10-07 13:32:46,getting status for band: both
DEBUG,MainThread,print_and_log,Line: 233,2013-10-07 13:32:46,2.4 GHz:
DEBUG,MainThread,_method,Line: 15,2013-10-07 13:32:46,Setting current_page to radio.asp
DEBUG,MainThread,_method,Line: 18,2013-10-07 13:32:46,Setting connection.path to 'radio.asp'
DEBUG,MainThread,print_and_log,Line: 233,2013-10-07 13:32:49,	Channel: 11
DEBUG,MainThread,_method,Line: 15,2013-10-07 13:32:49,Setting current_page to ssid.asp
DEBUG,MainThread,_method,Line: 18,2013-10-07 13:32:49,Setting connection.path to 'ssid.asp'
DEBUG,MainThread,print_and_log,Line: 233,2013-10-07 13:32:49,	SSID: Broadcom_5
DEBUG,MainThread,_method,Line: 12,2013-10-07 13:32:49,Skipping this method (refresh=False,current_page=radio.asp)
DEBUG,MainThread,print_and_log,Line: 233,2013-10-07 13:32:49,	State: Disabled
DEBUG,MainThread,print_and_log,Line: 233,2013-10-07 13:32:49,5 GHz:
DEBUG,MainThread,_method,Line: 15,2013-10-07 13:32:49,Setting current_page to radio.asp
DEBUG,MainThread,_method,Line: 18,2013-10-07 13:32:49,Setting connection.path to 'radio.asp'
DEBUG,MainThread,print_and_log,Line: 233,2013-10-07 13:32:52,	Channel: 0
DEBUG,MainThread,_method,Line: 15,2013-10-07 13:32:52,Setting current_page to ssid.asp
DEBUG,MainThread,_method,Line: 18,2013-10-07 13:32:52,Setting connection.path to 'ssid.asp'
DEBUG,MainThread,print_and_log,Line: 233,2013-10-07 13:32:53,	SSID: Broadcom_24
DEBUG,MainThread,_method,Line: 12,2013-10-07 13:32:53,Skipping this method (refresh=False,current_page=radio.asp)
DEBUG,MainThread,print_and_log,Line: 233,2013-10-07 13:32:53,	State: Enabled
DEBUG,MainThread,_method,Line: 12,2013-10-07 13:32:53,Skipping this method (refresh=False,current_page=radio.asp)
DEBUG,MainThread,print_and_log,Line: 233,2013-10-07 13:32:53,	Sideband: None
DEBUG,MainThread,_method,Line: 15,2013-10-07 13:32:53,Setting current_page to lan.asp
DEBUG,MainThread,_method,Line: 18,2013-10-07 13:32:53,Setting connection.path to 'lan.asp'
DEBUG,MainThread,print_and_log,Line: 233,2013-10-07 13:32:53,DHCP: Disabled
DEBUG,MainThread,_method,Line: 15,2013-10-07 13:32:53,Setting current_page to firmware.asp
DEBUG,MainThread,_method,Line: 18,2013-10-07 13:32:53,Setting connection.path to 'firmware.asp'
DEBUG,MainThread,print_and_log,Line: 233,2013-10-07 13:32:54,Bootloader Version: CFE 5.10.128.2
DEBUG,MainThread,_method,Line: 12,2013-10-07 13:32:54,Skipping this method (refresh=False,current_page=firmware.asp)
DEBUG,MainThread,print_and_log,Line: 233,2013-10-07 13:32:54,OS Version: Linux  5.70.63.1
DEBUG,MainThread,_method,Line: 12,2013-10-07 13:32:54,Skipping this method (refresh=False,current_page=firmware.asp)
DEBUG,MainThread,print_and_log,Line: 233,2013-10-07 13:32:54,WL Driver Version: 5.60.134
